
/home/runner/work/exp-drag-force-dei/exp-drag-force-dei/experiment/simulation/js/main.js
   15:10   warning  'showmass' is defined but never used                    no-unused-vars
   28:10   warning  'showDrag' is defined but never used                    no-unused-vars
   38:10   warning  'showArea' is defined but never used                    no-unused-vars
   46:10   warning  'showSize' is defined but never used                    no-unused-vars
   57:10   warning  'lock' is defined but never used                        no-unused-vars
   82:7    warning  'Glycerine' is not defined                              no-undef
   83:7    warning  'Water' is not defined                                  no-undef
   92:7    warning  'Glycerine' is not defined                              no-undef
   93:7    warning  'Water' is not defined                                  no-undef
  128:5    warning  'flag' is assigned a value but never used               no-unused-vars
  171:11   warning  'lgp' is already defined                                no-redeclare
  179:24   warning  'dragF' is not defined                                  no-undef
  252:5    warning  'currentTimeString' is assigned a value but never used  no-unused-vars
  281:7    warning  'runFlag' is not defined                                no-undef
  300:11   warning  'dragF' is not defined                                  no-undef
  302:67   warning  'dragF' is not defined                                  no-undef
  329:93   warning  'dragF' is not defined                                  no-undef
  330:108  warning  'terminalVel' is not defined                            no-undef
  348:3    warning  'terminalVel' is not defined                            no-undef
  350:61   warning  'terminalVel' is not defined                            no-undef
  352:10   warning  'terminalVel' is not defined                            no-undef
  424:15   warning  'y' is already defined                                  no-redeclare
  436:18   warning  'i' is already defined                                  no-redeclare
  439:15   warning  'graphTime' is already defined                          no-redeclare
  445:15   warning  'x' is already defined                                  no-redeclare
  446:15   warning  'y' is already defined                                  no-redeclare
  456:16   warning  'i' is already defined                                  no-redeclare
  457:15   warning  'graphTime' is already defined                          no-redeclare
  459:15   warning  'terminaly' is already defined                          no-redeclare
  461:11   warning  'dragF' is not defined                                  no-undef
  462:13   warning  'x' is already defined                                  no-redeclare
  463:13   warning  'y' is already defined                                  no-redeclare
  463:51   warning  'dragF' is not defined                                  no-undef
  503:5    warning  'runFlag' is not defined                                no-undef
  529:3    warning  'runFlag' is not defined                                no-undef
  570:7    warning  'Glycerine' is not defined                              no-undef
  571:7    warning  'Water' is not defined                                  no-undef

✖ 37 problems (0 errors, 37 warnings)

